DBState {
    counter: 0,
    people_who_counted: {},
    flips_in_a_row: 0,
    users: {
        UserId(
            1253145465461932063,
        ): DBUser {
            this_levels_xp: 28,
            xp_until_next_level: 100,
            level: 1,
            items: [],
            life: Living(hp: 150/150),
        },
        UserId(
            1136701682131144714,
        ): DBUser {
            this_levels_xp: 98,
            xp_until_next_level: 102,
            level: 2,
            items: [],
            life: Living(hp: 150/150),
        },
        UserId(
            1185370987655610379,
        ): DBUser {
            this_levels_xp: 18,
            xp_until_next_level: 100,
            level: 1,
            items: [],
            life: Living(hp: 150/150),
        },
    },
    servers: {
        GuildId(
            1253105126600867921,
        ): DBServer {
            channels: {
                ServerConfigChannelId(
                    "chats/global-98",
                ): ChannelId(
                    1256641263650996225,
                ),
                ServerConfigChannelId(
                    "chats/global-64",
                ): ChannelId(
                    1256640995773124741,
                ),
                ServerConfigChannelId(
                    "chats/global-97",
                ): ChannelId(
                    1256641015658582128,
                ),
                ServerConfigChannelId(
                    "chats/global-56",
                ): ChannelId(
                    1256641243102973952,
                ),
                ServerConfigChannelId(
                    "chats/global-90",
                ): ChannelId(
                    1256641264804429855,
                ),
                ServerConfigChannelId(
                    "chats/global-19",
                ): ChannelId(
                    1256639562189508639,
                ),
                ServerConfigChannelId(
                    "chats/global-43",
                ): ChannelId(
                    1256637391561691146,
                ),
                ServerConfigChannelId(
                    "chats/global-100",
                ): ChannelId(
                    1256641252909383722,
                ),
                ServerConfigChannelId(
                    "chats/global-85",
                ): ChannelId(
                    1256642131330601131,
                ),
                ServerConfigChannelId(
                    "chats/global-22",
                ): ChannelId(
                    1256637400067870802,
                ),
                ServerConfigChannelId(
                    "chats/global-93",
                ): ChannelId(
                    1256641011950686361,
                ),
                ServerConfigChannelId(
                    "chats/global-11",
                ): ChannelId(
                    1256640251464515709,
                ),
                ServerConfigChannelId(
                    "chats/global-9",
                ): ChannelId(
                    1256639569420357736,
                ),
                ServerConfigChannelId(
                    "chats/global-53",
                ): ChannelId(
                    1256641254960402433,
                ),
                ServerConfigChannelId(
                    "places/forest/vc",
                ): ChannelId(
                    1256480463510573118,
                ),
                ServerConfigChannelId(
                    "chats/global-74",
                ): ChannelId(
                    1256640743670288455,
                ),
                ServerConfigChannelId(
                    "chats/global-48",
                ): ChannelId(
                    1256640248704925726,
                ),
                ServerConfigChannelId(
                    "chats/global-50",
                ): ChannelId(
                    1256642133692121180,
                ),
                ServerConfigChannelId(
                    "chats/global-80",
                ): ChannelId(
                    1256641249146966178,
                ),
                ServerConfigChannelId(
                    "chats/global-51",
                ): ChannelId(
                    1256642138255659010,
                ),
                ServerConfigChannelId(
                    "places/forest",
                ): ChannelId(
                    1256480468715569269,
                ),
                ServerConfigChannelId(
                    "chats/global-33",
                ): ChannelId(
                    1256634507046555659,
                ),
                ServerConfigChannelId(
                    "chats/global-75",
                ): ChannelId(
                    1256641245187670076,
                ),
                ServerConfigChannelId(
                    "chats/global-54",
                ): ChannelId(
                    1256641002207314054,
                ),
                ServerConfigChannelId(
                    "chats/global-91",
                ): ChannelId(
                    1256641005504036886,
                ),
                ServerConfigChannelId(
                    "places/forest/text",
                ): ChannelId(
                    1256480467364876339,
                ),
                ServerConfigChannelId(
                    "chats/global-81",
                ): ChannelId(
                    1256641259603497082,
                ),
                ServerConfigChannelId(
                    "chats",
                ): ChannelId(
                    1256352152239083550,
                ),
                ServerConfigChannelId(
                    "chats/global-87",
                ): ChannelId(
                    1256640998868521153,
                ),
                ServerConfigChannelId(
                    "chats/global-8",
                ): ChannelId(
                    1256639575359750155,
                ),
                ServerConfigChannelId(
                    "chats/global-49",
                ): ChannelId(
                    1256637415523876927,
                ),
                ServerConfigChannelId(
                    "chats/global-45",
                ): ChannelId(
                    1256639567788900495,
                ),
                ServerConfigChannelId(
                    "chats/global-25",
                ): ChannelId(
                    1256639578270597241,
                ),
                ServerConfigChannelId(
                    "chats/global-46",
                ): ChannelId(
                    1256636140455198820,
                ),
                ServerConfigChannelId(
                    "chats/global-34",
                ): ChannelId(
                    1256637385870020762,
                ),
                ServerConfigChannelId(
                    "chats/global-79",
                ): ChannelId(
                    1256640740407382057,
                ),
                ServerConfigChannelId(
                    "chats/global-66",
                ): ChannelId(
                    1256641261184745564,
                ),
                ServerConfigChannelId(
                    "chats/global-58",
                ): ChannelId(
                    1256642137257148456,
                ),
                ServerConfigChannelId(
                    "chats/global-59",
                ): ChannelId(
                    1256640752927379536,
                ),
                ServerConfigChannelId(
                    "chats/global-60",
                ): ChannelId(
                    1256640992119881789,
                ),
                ServerConfigChannelId(
                    "chats/global-86",
                ): ChannelId(
                    1256640747030183966,
                ),
                ServerConfigChannelId(
                    "test",
                ): ChannelId(
                    1255621876965834753,
                ),
                ServerConfigChannelId(
                    "chats/global-92",
                ): ChannelId(
                    1256640747810193491,
                ),
                ServerConfigChannelId(
                    "chats/global-84",
                ): ChannelId(
                    1256640996746461246,
                ),
                ServerConfigChannelId(
                    "chats/global-68",
                ): ChannelId(
                    1256640745360850975,
                ),
                ServerConfigChannelId(
                    "chats/global-73",
                ): ChannelId(
                    1256641003369267371,
                ),
                ServerConfigChannelId(
                    "chats/global-94",
                ): ChannelId(
                    1256642135659384882,
                ),
                ServerConfigChannelId(
                    "places/deep-forest/text",
                ): ChannelId(
                    1256480472134058076,
                ),
                ServerConfigChannelId(
                    "chats/global-4",
                ): ChannelId(
                    1256352154852130879,
                ),
                ServerConfigChannelId(
                    "chats/global-47",
                ): ChannelId(
                    1256634496023793715,
                ),
                ServerConfigChannelId(
                    "chats/global-69",
                ): ChannelId(
                    1256640742043160767,
                ),
                ServerConfigChannelId(
                    "chats/global-18",
                ): ChannelId(
                    1256637404639662080,
                ),
                ServerConfigChannelId(
                    "chats/global-38",
                ): ChannelId(
                    1256637420276023340,
                ),
                ServerConfigChannelId(
                    "chats/global-40",
                ): ChannelId(
                    1256640247706554421,
                ),
                ServerConfigChannelId(
                    "chats/global-55",
                ): ChannelId(
                    1256641258013851689,
                ),
                ServerConfigChannelId(
                    "chats/global-32",
                ): ChannelId(
                    1256637389766524999,
                ),
                ServerConfigChannelId(
                    "chats/global-20",
                ): ChannelId(
                    1256637405960863775,
                ),
                ServerConfigChannelId(
                    "chats/global-26",
                ): ChannelId(
                    1256634504349614151,
                ),
                ServerConfigChannelId(
                    "chats/global-77",
                ): ChannelId(
                    1256640739602071623,
                ),
                ServerConfigChannelId(
                    "chats/global-41",
                ): ChannelId(
                    1256634492593111150,
                ),
                ServerConfigChannelId(
                    "chats/global-88",
                ): ChannelId(
                    1256641256600244367,
                ),
                ServerConfigChannelId(
                    "chats/global-61",
                ): ChannelId(
                    1256640754579800144,
                ),
                ServerConfigChannelId(
                    "chats/global-10",
                ): ChannelId(
                    1256639564618137692,
                ),
                ServerConfigChannelId(
                    "chats/global-67",
                ): ChannelId(
                    1256641247083495445,
                ),
                ServerConfigChannelId(
                    "chats/global-37",
                ): ChannelId(
                    1256637402047447152,
                ),
                ServerConfigChannelId(
                    "chats/global-39",
                ): ChannelId(
                    1256639572830453841,
                ),
                ServerConfigChannelId(
                    "chats/global-35",
                ): ChannelId(
                    1256639573757399096,
                ),
                ServerConfigChannelId(
                    "chats/global-7",
                ): ChannelId(
                    1256639571580555374,
                ),
                ServerConfigChannelId(
                    "chats/global-95",
                ): ChannelId(
                    1256641013745975347,
                ),
                ServerConfigChannelId(
                    "chats/global-31",
                ): ChannelId(
                    1256634501262475325,
                ),
                ServerConfigChannelId(
                    "chats/global-63",
                ): ChannelId(
                    1256642130181492837,
                ),
                ServerConfigChannelId(
                    "chats/global-15",
                ): ChannelId(
                    1256639566824079392,
                ),
                ServerConfigChannelId(
                    "chats/global-16",
                ): ChannelId(
                    1256637382812500021,
                ),
                ServerConfigChannelId(
                    "places/deep-forest",
                ): ChannelId(
                    1256480465821630585,
                ),
                ServerConfigChannelId(
                    "chats/global-36",
                ): ChannelId(
                    1256637416698151064,
                ),
                ServerConfigChannelId(
                    "chats/global-62",
                ): ChannelId(
                    1256640989431599276,
                ),
                ServerConfigChannelId(
                    "chats/global-28",
                ): ChannelId(
                    1256639563267440671,
                ),
                ServerConfigChannelId(
                    "chats/global-57",
                ): ChannelId(
                    1256641000521076777,
                ),
                ServerConfigChannelId(
                    "chats/global-52",
                ): ChannelId(
                    1256641008796569640,
                ),
                ServerConfigChannelId(
                    "chats/global-12",
                ): ChannelId(
                    1256640253188640910,
                ),
                ServerConfigChannelId(
                    "chats/global-76",
                ): ChannelId(
                    1256641247863373835,
                ),
                ServerConfigChannelId(
                    "chats/global-72",
                ): ChannelId(
                    1256641262967328869,
                ),
                ServerConfigChannelId(
                    "chats/global-89",
                ): ChannelId(
                    1256641251848224900,
                ),
                ServerConfigChannelId(
                    "chats/global-99",
                ): ChannelId(
                    1256641250321502319,
                ),
                ServerConfigChannelId(
                    "chats/global-78",
                ): ChannelId(
                    1256641266150539364,
                ),
                ServerConfigChannelId(
                    "places/deep-forest/vc",
                ): ChannelId(
                    1256480462315065416,
                ),
                ServerConfigChannelId(
                    "chats/global-83",
                ): ChannelId(
                    1256641007861108897,
                ),
                ServerConfigChannelId(
                    "chats/global-42",
                ): ChannelId(
                    1256637395101683715,
                ),
                ServerConfigChannelId(
                    "chats/global-14",
                ): ChannelId(
                    1256639579541471313,
                ),
                ServerConfigChannelId(
                    "chats/global-21",
                ): ChannelId(
                    1256637411564195882,
                ),
                ServerConfigChannelId(
                    "chats/global-3",
                ): ChannelId(
                    1256352149160464435,
                ),
                ServerConfigChannelId(
                    "chats/global-17",
                ): ChannelId(
                    1256637398633283677,
                ),
                ServerConfigChannelId(
                    "chats/global-13",
                ): ChannelId(
                    1256639577309839422,
                ),
                ServerConfigChannelId(
                    "category",
                ): ChannelId(
                    1255621878945677382,
                ),
                ServerConfigChannelId(
                    "chats/global-1",
                ): ChannelId(
                    1256352153304563755,
                ),
                ServerConfigChannelId(
                    "chats/global-5",
                ): ChannelId(
                    1256640250248171561,
                ),
                ServerConfigChannelId(
                    "chats/global-23",
                ): ChannelId(
                    1256640254715236353,
                ),
                ServerConfigChannelId(
                    "chats/global-24",
                ): ChannelId(
                    1256637418371547307,
                ),
                ServerConfigChannelId(
                    "chats/global-70",
                ): ChannelId(
                    1256640991243403315,
                ),
                ServerConfigChannelId(
                    "chats/global-44",
                ): ChannelId(
                    1256637392325181594,
                ),
                ServerConfigChannelId(
                    "chats/global-65",
                ): ChannelId(
                    1256641267685785602,
                ),
                ServerConfigChannelId(
                    "chats/global-29",
                ): ChannelId(
                    1256634509223264317,
                ),
                ServerConfigChannelId(
                    "chats/global-96",
                ): ChannelId(
                    1256640749789904896,
                ),
                ServerConfigChannelId(
                    "chats/global-30",
                ): ChannelId(
                    1256637412499652674,
                ),
                ServerConfigChannelId(
                    "chats/global-27",
                ): ChannelId(
                    1256637388814553100,
                ),
                ServerConfigChannelId(
                    "chats/global-6",
                ): ChannelId(
                    1256637387912777819,
                ),
                ServerConfigChannelId(
                    "chats/global-71",
                ): ChannelId(
                    1256640738028949614,
                ),
                ServerConfigChannelId(
                    "chats/global-82",
                ): ChannelId(
                    1256641009937547395,
                ),
                ServerConfigChannelId(
                    "chats/global-2",
                ): ChannelId(
                    1256352150506705019,
                ),
            },
            roles: {
                ServerConfigRoleId(
                    "operator",
                ): RoleId(
                    1256362423687053313,
                ),
                ServerConfigRoleId(
                    "admin",
                ): RoleId(
                    1256357179607224351,
                ),
                ServerConfigRoleId(
                    "place/forest",
                ): RoleId(
                    1256480421613404203,
                ),
                ServerConfigRoleId(
                    "silly",
                ): RoleId(
                    1256352146136502356,
                ),
                ServerConfigRoleId(
                    "place/deep-forest",
                ): RoleId(
                    1256480419277307944,
                ),
            },
        },
    },
    last_typed_user: UserId(
        1136701682131144714,
    ),
}